~~~~~~~~~~~~~~~~~~~~~~~~~~~~~~~~~~~~~~~~~~~~~~~~~~~~~~~~~~~~~~~~~~~~~~~~~~~~~~~~

  UltraDefrag 7.1.4 log file
  Windows NT 10.0 (x64)

~~~~~~~~~~~~~~~~~~~~~~~~~~~~~~~~~~~~~~~~~~~~~~~~~~~~~~~~~~~~~~~~~~~~~~~~~~~~~~~~

  If you'd like to report a bug, attach this file to your bug report please:

  https://sourceforge.net/tracker/?group_id=199532&atid=969870

~~~~~~~~~~~~~~~~~~~~~~~~~~~~~~~~~~~~~~~~~~~~~~~~~~~~~~~~~~~~~~~~~~~~~~~~~~~~~~~~

2023-01-08 09:43:24.427 INFO:  winx_set_dbg_log: log_path = \??\C:\வட்டு\PortableApps\UltraDefragPortable\Data\UltraDefragPortable.log
2023-01-08 09:43:24.433 INFO:  MainFrame::InitMenu: languages: 63, break count: 22
2023-01-08 09:43:24.468 INFO:  ConfigThread::Entry: configuration tracking started
2023-01-08 09:43:24.669 ERROR: winx_query_symbolic_link: cannot open \??\A:: 0xc0000034 status: The system cannot find the file specified.  
2023-01-08 09:43:24.669 ERROR: winx_query_symbolic_link: cannot open \??\B:: 0xc0000034 status: The system cannot find the file specified.  
2023-01-08 09:43:24.669 ERROR: winx_query_symbolic_link: cannot open \??\D:: 0xc0000034 status: The system cannot find the file specified.  
2023-01-08 09:43:24.669 ERROR: winx_query_symbolic_link: cannot open \??\E:: 0xc0000034 status: The system cannot find the file specified.  
2023-01-08 09:43:24.669 ERROR: winx_query_symbolic_link: cannot open \??\F:: 0xc0000034 status: The system cannot find the file specified.  
2023-01-08 09:43:24.669 ERROR: winx_query_symbolic_link: cannot open \??\G:: 0xc0000034 status: The system cannot find the file specified.  
2023-01-08 09:43:24.669 ERROR: winx_query_symbolic_link: cannot open \??\H:: 0xc0000034 status: The system cannot find the file specified.  
2023-01-08 09:43:24.669 ERROR: winx_query_symbolic_link: cannot open \??\I:: 0xc0000034 status: The system cannot find the file specified.  
2023-01-08 09:43:24.669 ERROR: winx_query_symbolic_link: cannot open \??\J:: 0xc0000034 status: The system cannot find the file specified.  
2023-01-08 09:43:24.669 ERROR: winx_query_symbolic_link: cannot open \??\K:: 0xc0000034 status: The system cannot find the file specified.  
2023-01-08 09:43:24.669 ERROR: winx_query_symbolic_link: cannot open \??\L:: 0xc0000034 status: The system cannot find the file specified.  
2023-01-08 09:43:24.669 ERROR: winx_query_symbolic_link: cannot open \??\M:: 0xc0000034 status: The system cannot find the file specified.  
2023-01-08 09:43:24.669 ERROR: winx_query_symbolic_link: cannot open \??\N:: 0xc0000034 status: The system cannot find the file specified.  
2023-01-08 09:43:24.669 ERROR: winx_query_symbolic_link: cannot open \??\O:: 0xc0000034 status: The system cannot find the file specified.  
2023-01-08 09:43:24.669 ERROR: winx_query_symbolic_link: cannot open \??\P:: 0xc0000034 status: The system cannot find the file specified.  
2023-01-08 09:43:24.669 ERROR: winx_query_symbolic_link: cannot open \??\Q:: 0xc0000034 status: The system cannot find the file specified.  
2023-01-08 09:43:24.669 ERROR: winx_query_symbolic_link: cannot open \??\R:: 0xc0000034 status: The system cannot find the file specified.  
2023-01-08 09:43:24.669 ERROR: winx_query_symbolic_link: cannot open \??\S:: 0xc0000034 status: The system cannot find the file specified.  
2023-01-08 09:43:24.669 ERROR: winx_query_symbolic_link: cannot open \??\T:: 0xc0000034 status: The system cannot find the file specified.  
2023-01-08 09:43:24.669 ERROR: winx_query_symbolic_link: cannot open \??\U:: 0xc0000034 status: The system cannot find the file specified.  
2023-01-08 09:43:24.669 ERROR: winx_query_symbolic_link: cannot open \??\V:: 0xc0000034 status: The system cannot find the file specified.  
2023-01-08 09:43:24.669 ERROR: winx_query_symbolic_link: cannot open \??\W:: 0xc0000034 status: The system cannot find the file specified.  
2023-01-08 09:43:24.669 ERROR: winx_query_symbolic_link: cannot open \??\X:: 0xc0000034 status: The system cannot find the file specified.  
2023-01-08 09:43:24.669 ERROR: winx_query_symbolic_link: cannot open \??\Y:: 0xc0000034 status: The system cannot find the file specified.  
2023-01-08 09:43:24.670 ERROR: winx_query_symbolic_link: cannot open \??\Z:: 0xc0000034 status: The system cannot find the file specified.  
2023-01-08 09:43:40.466 INFO:  ConfigThread::Entry: configuration tracking stopped
